Mplus VERSION 8.6 (Mac)
MUTHEN & MUTHEN
11/16/2024  10:02 AM

INPUT INSTRUCTIONS

  TITLE: Conditional model focusing on CMP variability;

  DATA:
    FILE = ema_data.dat;

  VARIABLE:
    NAMES = user_num day_win time_win CMP NEGAFF DERS;
    USEVARIABLES = CMP NEGAFF DERS;
    CLUSTER = user_num;          ! Numeric user ID for Level-2 clustering
    WITHIN = NEGAFF;             ! Declare NEGAFF as a within-level variable
    BETWEEN = DERS;              ! DERS as a Level-2 predictor

  ANALYSIS:
    TYPE = TWOLEVEL RANDOM;      ! Multilevel random effects model
    ESTIMATOR = BAYES;           ! Bayesian estimation
    CHAINS = 3;                  ! Number of MCMC chains
    BITERATIONS = 100000 (5000); ! Maximum iterations and burn-in
    PROCESSORS = 2;              ! Parallel computation
    ALGORITHM = GIBBS(RW);       ! Use Gibbs sampling with random walk

  MODEL:
    %WITHIN%
      LOGV | CMP;                ! Log residual variance modeled as random coefficients
      CMP ON NEGAFF (beta1);     ! Predict CMP using Negative Affect within subjects

    %BETWEEN%
      CMP (phi_0);               ! Between-level variance of CMP
      LOGV (phi_1);              ! Between-level variance of log residual variance
      DERS ON CMP LOGV (beta2 beta3); ! Predict DERS with average CMP and variability

  MODEL PRIORS:
      phi_0 ~ IG(1, 0.1);        ! Informative inverse-gamma prior for variance of average C
      phi_1 ~ IG(1, 0.1);        ! Informative inverse-gamma prior for variance of variabili
      beta1 ~ N(0, 1);           ! Informative prior for beta1
      beta2 ~ N(0, 1);           ! Informative prior for beta2
      beta3 ~ N(0, 1);           ! Informative prior for beta3

  MODEL CONSTRAINT:
    NEW (mean_v var_v);          ! Derived parameters for within-level residual variance
    mean_v = exp(-1 + (1/2)*phi_1); ! Mean of the within-level variance (adjusted intercept)
    var_v = exp(2*(-1) + phi_1)*(exp(phi_1)-1); ! Variance of the within-level variance

  OUTPUT:
    TECH8 CINTERVAL(HPD);        ! Request iteration history and HPD intervals



*** WARNING
  Input line exceeded 90 characters. Some input may be truncated.
      phi_0 ~ IG(1, 0.1);        ! Informative inverse-gamma prior for variance of average CM
*** WARNING
  Input line exceeded 90 characters. Some input may be truncated.
      phi_1 ~ IG(1, 0.1);        ! Informative inverse-gamma prior for variance of variabilit
*** WARNING in MODEL command
  In the MODEL command, the following variable is an x-variable on the BETWEEN
  level and a y-variable on the WITHIN level.  This variable will be treated
  as a y-variable on both levels:  CMP
*** WARNING
  One or more individual-level variables have no variation within a
  cluster for the following clusters.

     Variable   Cluster IDs with no within-cluster variation

      NEGAFF      128

   4 WARNING(S) FOUND IN THE INPUT INSTRUCTIONS



Conditional model focusing on CMP variability;

SUMMARY OF ANALYSIS

Number of groups                                                 1
Number of observations                                       12310

Number of dependent variables                                    2
Number of independent variables                                  1
Number of continuous latent variables                            1

Observed dependent variables

  Continuous
   DERS        CMP

Observed independent variables
   NEGAFF

Continuous latent variables
   LOGV

Variables with special functions

  Cluster variable      USER_NUM

  Within variables
   NEGAFF

  Between variables
   DERS


Estimator                                                    BAYES
Specifications for Bayesian Estimation
  Point estimate                                            MEDIAN
  Number of Markov chain Monte Carlo (MCMC) chains               3
  Random seed for the first chain                                0
  Starting value information                           UNPERTURBED
  Algorithm used for Markov chain Monte Carlo            GIBBS(RW)
  Convergence criterion                                  0.500D-01
  Maximum number of iterations                              100000
  K-th iteration used for thinning                               1

Input data file(s)
  ema_data.dat
Input data format  FREE


SUMMARY OF DATA

     Number of clusters                        326

       Size (s)    Cluster ID with Size s

         12        160 174
         13        47 120
         14        284 297
         15        175
         16        224
         17        38 150
         18        192 162
         19        99 308
         20        191
         22        145 177 309
         23        255 259
         24        180 124
         25        91 304 272 204 320
         26        129 128
         27        247 277 3 234
         28        52 104 144 322
         29        121 32 6
         30        278 33 20 63
         31        59 166 279 271 254
         32        223 61 23 240 19 122 39 213 314 220 221
         33        16 133 241 246 203 65 211
         34        161 194 57 7 106 15 300 30 185 18 275
         35        100 137 74 56 268 126 209 117 276 35
         36        243 245 123 87 130 205 285 288 257 228 261 265 188 44
                   135
         37        190 14 49 103 195 24 26 168 172 295 296 84 134 86 2
                   22 317 94 225
         38        112 88 66 181 269 68 299 34 306 250 251 227 148 319
                   111 282
         39        81 170 242 83 280 281 136 206 4 141 326 58 51 187 73
                   116 37 131 230 270 231 232 118
         40        235 236 156 157 119 184 210 108 42 248 53 287 167 252
                   50 147 43 302 149 260 196 264 313 229 198 199 200 85
                   325
         41        208 45 8 244 109 173 93 79 143 178 238 239 324 154
         42        76 95 186 139 152 292 153 29 212 267 155 214 215 218
                   193 310 274 89 315 90 158 159 321 11 82 182
         43        289 60 293 10 163 105 298 125 301 75 107 305 219 62
                   151 1 80 176 64 316 201 21 17 97 9 71 101
         44        12 283 216 189 249 27 40 290 291 92 146 294 169 67 258
                   226 171 127 262 303 41 69 96 307 202 233 115 132 70
                   273 179 98 318 5 25 31 138 323 55 140
         45        164 165 253 197 114 256 78 217 237 13 46 311 312 286
                   142 263 72 222 28 48 183 207 110 36 102 113
         54        54
         62        266
         66        77




UNIVARIATE SAMPLE STATISTICS


     UNIVARIATE HIGHER-ORDER MOMENT DESCRIPTIVE STATISTICS

         Variable/         Mean/     Skewness/   Minimum/ % with                Percentiles
        Sample Size      Variance    Kurtosis    Maximum  Min/Max      20%/60%    40%/80%    Median

     DERS                  0.006       0.353      -1.789    0.61%      -0.927     -0.353     -0.066
             326.000       1.017      -0.562       2.806    0.61%       0.221      0.918
     CMP                   0.006      -0.419      -3.046    0.36%      -0.948     -0.061      0.169
           12310.000       0.999      -0.317       1.865    2.71%       0.403      0.880
     NEGAFF                0.000       0.483      -1.548    7.30%      -1.006     -0.463     -0.192
           12310.000       1.000      -0.305       2.791    1.07%       0.079      0.893


THE MODEL ESTIMATION TERMINATED NORMALLY

     USE THE FBITERATIONS OPTION TO INCREASE THE NUMBER OF ITERATIONS BY A FACTOR
     OF AT LEAST TWO TO CHECK CONVERGENCE AND THAT THE PSR VALUE DOES NOT INCREASE.



MODEL FIT INFORMATION

Number of Free Parameters                               9

Information Criteria

          Deviance (DIC)                        19024.597
          Estimated Number of Parameters (pD)     597.890



MODEL RESULTS

                                Posterior  One-Tailed         95% C.I.
                    Estimate       S.D.      P-Value   Lower 2.5%  Upper 2.5%  Significance

Within Level

 CMP        ON
    NEGAFF            -0.448       0.006      0.000      -0.460      -0.435      *

Between Level

 DERS       ON
    LOGV               0.224       0.079      0.001       0.069       0.378      *

 DERS       ON
    CMP               -0.783       0.084      0.000      -0.947      -0.615      *

 Means
    CMP                0.005       0.033      0.443      -0.059       0.070
    LOGV              -1.405       0.040      0.000      -1.488      -1.331      *

 Intercepts
    DERS               0.324       0.121      0.003       0.095       0.572      *

 Variances
    CMP                0.350       0.028      0.000       0.296       0.406      *
    LOGV               0.451       0.042      0.000       0.376       0.538      *

 Residual Variances
    DERS               0.768       0.063      0.000       0.653       0.899      *

New/Additional Parameters
    MEAN_V             0.461       0.010      0.000       0.444       0.481      *
    VAR_V              0.121       0.020      0.000       0.088       0.162      *


CREDIBILITY INTERVALS OF MODEL RESULTS

                  Lower .5%  Lower 2.5%    Lower 5%    Estimate    Upper 5%  Upper 2.5%   Upper .5%

Within Level

 CMP      ON
    NEGAFF          -0.464      -0.460      -0.459      -0.448      -0.438      -0.435      -0.431

Between Level

 DERS     ON
    LOGV             0.016       0.069       0.096       0.224       0.353       0.378       0.423

 DERS     ON
    CMP             -1.015      -0.947      -0.918      -0.783      -0.641      -0.615      -0.573

 Means
    CMP             -0.081      -0.059      -0.048       0.005       0.062       0.070       0.091
    LOGV            -1.507      -1.488      -1.469      -1.405      -1.339      -1.331      -1.305

 Intercepts
    DERS             0.014       0.095       0.126       0.324       0.523       0.572       0.635

 Variances
    CMP              0.282       0.296       0.305       0.350       0.396       0.406       0.429
    LOGV             0.359       0.376       0.381       0.451       0.517       0.538       0.577

 Residual Variances
    DERS             0.622       0.653       0.670       0.768       0.875       0.899       0.942

New/Additional Parameters
    MEAN_V           0.440       0.444       0.445       0.461       0.476       0.481       0.491
    VAR_V            0.079       0.088       0.092       0.121       0.154       0.162       0.183


TECHNICAL 1 OUTPUT


     PARAMETER SPECIFICATION FOR WITHIN


           NU
              CMP           NEGAFF
              ________      ________
                    0             0


           LAMBDA
              CMP           NEGAFF
              ________      ________
 CMP                0             0
 NEGAFF             0             0


           THETA
              CMP           NEGAFF
              ________      ________
 CMP                0
 NEGAFF             0             0


           ALPHA
              CMP           NEGAFF
              ________      ________
                    0             0


           BETA
              CMP           NEGAFF
              ________      ________
 CMP                0             1
 NEGAFF             0             0


           PSI
              CMP           NEGAFF
              ________      ________
 CMP                0
 NEGAFF             0             0


     PARAMETER SPECIFICATION FOR BETWEEN


           NU
              DERS          CMP
              ________      ________
                    0             0


           LAMBDA
              LOGV          DERS          CMP
              ________      ________      ________
 DERS               0             0             0
 CMP                0             0             0


           THETA
              DERS          CMP
              ________      ________
 DERS               0
 CMP                0             0


           ALPHA
              LOGV          DERS          CMP
              ________      ________      ________
                    2             3             4


           BETA
              LOGV          DERS          CMP
              ________      ________      ________
 LOGV               0             0             0
 DERS               5             0             6
 CMP                0             0             0


           PSI
              LOGV          DERS          CMP
              ________      ________      ________
 LOGV               7
 DERS               0             8
 CMP                0             0             9


     PARAMETER SPECIFICATION FOR THE ADDITIONAL PARAMETERS


           NEW/ADDITIONAL PARAMETERS
              MEAN_V        VAR_V
              ________      ________
                   10            11


     STARTING VALUES FOR WITHIN


           NU
              CMP           NEGAFF
              ________      ________
                0.000         0.000


           LAMBDA
              CMP           NEGAFF
              ________      ________
 CMP            1.000         0.000
 NEGAFF         0.000         1.000


           THETA
              CMP           NEGAFF
              ________      ________
 CMP            0.000
 NEGAFF         0.000         0.000


           ALPHA
              CMP           NEGAFF
              ________      ________
                0.000         0.000


           BETA
              CMP           NEGAFF
              ________      ________
 CMP            0.000         0.000
 NEGAFF         0.000         0.000


           PSI
              CMP           NEGAFF
              ________      ________
 CMP            0.000
 NEGAFF         0.000         0.500


     STARTING VALUES FOR BETWEEN


           NU
              DERS          CMP
              ________      ________
                0.000         0.000


           LAMBDA
              LOGV          DERS          CMP
              ________      ________      ________
 DERS           0.000         1.000         0.000
 CMP            0.000         0.000         1.000


           THETA
              DERS          CMP
              ________      ________
 DERS           0.000
 CMP            0.000         0.000


           ALPHA
              LOGV          DERS          CMP
              ________      ________      ________
                0.000         0.000         0.006


           BETA
              LOGV          DERS          CMP
              ________      ________      ________
 LOGV           0.000         0.000         0.000
 DERS           0.000         0.000         0.000
 CMP            0.000         0.000         0.000


           PSI
              LOGV          DERS          CMP
              ________      ________      ________
 LOGV           1.000
 DERS           0.000         0.500
 CMP            0.000         0.000         0.499


     STARTING VALUES FOR THE ADDITIONAL PARAMETERS


           NEW/ADDITIONAL PARAMETERS
              MEAN_V        VAR_V
              ________      ________
                0.500         0.500



     PRIORS FOR ALL PARAMETERS            PRIOR MEAN      PRIOR VARIANCE     PRIOR STD. DEV.

     Parameter 1~N(0.000,1.000)              0.0000              1.0000              1.0000
     Parameter 2~N(0.000,infinity)           0.0000            infinity            infinity
     Parameter 3~N(0.000,infinity)           0.0000            infinity            infinity
     Parameter 4~N(0.000,infinity)           0.0000            infinity            infinity
     Parameter 5~N(0.000,1.000)              0.0000              1.0000              1.0000
     Parameter 6~N(0.000,1.000)              0.0000              1.0000              1.0000
     Parameter 7~IG(1.000,0.100)           infinity            infinity            infinity
     Parameter 8~IG(-1.000,0.000)          infinity            infinity            infinity
     Parameter 9~IG(1.000,0.100)           infinity            infinity            infinity


TECHNICAL 8 OUTPUT


   TECHNICAL 8 OUTPUT FOR BAYES ESTIMATION

     CHAIN    BSEED
     1        0
     2        285380
     3        253358

                     POTENTIAL       PARAMETER WITH
     ITERATION    SCALE REDUCTION      HIGHEST PSR
     100              1.000               1
     200              1.004               9
     300              1.009               2
     400              1.006               1
     500              1.003               4
     600              1.008               1
     700              1.005               2
     800              1.004               1
     900              1.006               7
     1000             1.003               7
     1100             1.000               7
     1200             1.001               7
     1300             1.000               7
     1400             1.001               1
     1500             1.001               1
     1600             1.001               1
     1700             1.001               1
     1800             1.002               1
     1900             1.001               1
     2000             1.000               1
     2100             1.000               7
     2200             1.002               7
     2300             1.002               7
     2400             1.002               7
     2500             1.001               7
     2600             1.001               7
     2700             1.001               7
     2800             1.001               7
     2900             1.001               7
     3000             1.002               7
     3100             1.002               7
     3200             1.003               7
     3300             1.002               7
     3400             1.002               7
     3500             1.001               7
     3600             1.001               7
     3700             1.002               7
     3800             1.001               7
     3900             1.002               7
     4000             1.002               7
     4100             1.002               7
     4200             1.001               1
     4300             1.001               7
     4400             1.000               1
     4500             1.000               1
     4600             1.000               7
     4700             1.000               7
     4800             1.000               7
     4900             1.000               7
     5000             1.000               7


     Beginning Time:  10:02:04
        Ending Time:  10:02:36
       Elapsed Time:  00:00:32



MUTHEN & MUTHEN
3463 Stoner Ave.
Los Angeles, CA  90066

Tel: (310) 391-9971
Fax: (310) 391-8971
Web: www.StatModel.com
Support: Support@StatModel.com

Copyright (c) 1998-2021 Muthen & Muthen
