Mplus VERSION 8.6 (Mac)
MUTHEN & MUTHEN
11/16/2024  10:46 AM

INPUT INSTRUCTIONS

  TITLE: Comparing the effects of SC and USC variability on DERS;

  DATA:
    FILE = ema_daily_data.dat;               ! Input the daily data file
    VARIABLE:
      NAMES = user_num day_win LOGV_SC LOGV_USC DERS;  ! Names of variables in the .dat file
      USEVARIABLES = LOGV_SC LOGV_USC DERS;            ! Variables used in the analysis
      CLUSTER = user_num;                              ! Cluster by user (Level-2)

  ANALYSIS:
    TYPE = TWOLEVEL RANDOM;                            ! Multilevel random effects model
    ESTIMATOR = BAYES;                                 ! Use Bayesian estimation
    CHAINS = 3;                                        ! Number of MCMC chains
    BITERATIONS = 100000 (5000);                       ! Max iterations and burn-in
    PROCESSORS = 2;                                    ! Parallel processing for speed

  MODEL:
    %WITHIN%
      ! Specify within-level relationships
      DERS ON LOGV_SC (beta_SC);                      ! Effect of SC variability on DERS
      DERS ON LOGV_USC (beta_USC);                    ! Effect of USC variability on DERS

    %BETWEEN%
      ! Specify between-level relationships
      LOGV_SC (phi_SC);                               ! Between-level variance of SC fluctua
      LOGV_USC (phi_USC);                             ! Between-level variance of USC fluctu
      DERS ON LOGV_SC LOGV_USC;                       ! Effects of SC and USC variability on

  MODEL CONSTRAINT:
    NEW(diff_beta);                                   ! Compute the difference in effects
    diff_beta = beta_SC - beta_USC;

  OUTPUT:
    TECH1 TECH8 CINTERVAL(BCBOOT);                    ! Request output and credible interval



*** WARNING
  Input line exceeded 90 characters. Some input may be truncated.
      LOGV_SC (phi_SC);                               ! Between-level variance of SC fluctuat
*** WARNING
  Input line exceeded 90 characters. Some input may be truncated.
      LOGV_USC (phi_USC);                             ! Between-level variance of USC fluctua
*** WARNING
  Input line exceeded 90 characters. Some input may be truncated.
    TECH1 TECH8 CINTERVAL(BCBOOT);                    ! Request output and credible intervals
*** WARNING in MODEL command
  TYPE=RANDOM is used to declare random effect variables in the model.
  No random effect variables were found.  TYPE=RANDOM will be ignored.
*** WARNING
  One or more individual-level variables have no variation within a
  cluster for the following clusters.

     Variable   Cluster IDs with no within-cluster variation

      DERS        160 175 308 174 47 191 162 144 150 177 180 234 272 284 128 18 129 6 209 15 247
                  268 120 121 122 322 4 100 106 111 117 118 3 23 123 32 33 38 131 133 135 39 148
                  42 7 168 172 49 52 185 187 188 63 192 194 195 196 198 199 200 204 205 206 66
                  210 211 220 73 228 229 230 231 74 240 241 242 243 245 246 77 255 257 264 266
                  83 271 86 275 276 279 281 282 87 285 287 88 304 91 314 319 94 325 326 11 12
                  40 41 125 13 127 43 14 130 45 132 46 134 5 136 137 138 139 140 141 142 143 48
                  145 146 147 16 149 151 152 153 154 155 156 157 158 159 51 161 1 163 164 165
                  167 169 170 171 54 173 55 57 176 58 178 179 59 181 182 183 184 60 186 2 62 189
                  190 64 193 65 21 67 197 68 69 70 201 202 71 72 22 8 207 208 75 76 212 213 214
                  215 216 218 219 78 221 222 223 79 225 226 227 80 81 82 25 233 84 235 236 237
                  238 239 85 27 28 244 89 90 29 248 249 250 251 252 253 254 92 256 93 258 30 260
                  261 262 263 95 265 96 267 97 98 270 31 9 273 274 102 278 103 104 105 10 283
                  107 108 286 109 110 289 290 291 293 294 295 296 34 299 112 301 302 303 113 305
                  306 307 114 309 310 311 312 313 115 315 316 317 318 116 320 321 35 323 324 36
                  119 56 298

*** WARNING in OUTPUT command
  CINTERVAL option with SYMMETRIC, BOOTSTRAP and BCBOOTSTRAP is not
  available with ESTIMATOR=BAYES.  Use CINTERVAL(HPD) or CINTERVAL(EQTAIL).
  Request for CINTERVAL is ignored.
   6 WARNING(S) FOUND IN THE INPUT INSTRUCTIONS



Comparing the effects of SC and USC variability on DERS;

SUMMARY OF ANALYSIS

Number of groups                                                 1
Number of observations                                        2759

Number of dependent variables                                    1
Number of independent variables                                  2
Number of continuous latent variables                            0

Observed dependent variables

  Continuous
   DERS

Observed independent variables
   LOGV_SC     LOGV_USC

Variables with special functions

  Cluster variable      USER_NUM

Estimator                                                    BAYES
Specifications for Bayesian Estimation
  Point estimate                                            MEDIAN
  Number of Markov chain Monte Carlo (MCMC) chains               3
  Random seed for the first chain                                0
  Starting value information                           UNPERTURBED
  Algorithm used for Markov chain Monte Carlo           GIBBS(PX1)
  Convergence criterion                                  0.500D-01
  Maximum number of iterations                              100000
  K-th iteration used for thinning                               1

Input data file(s)
  ema_daily_data.dat
Input data format  FREE


SUMMARY OF DATA

     Number of clusters                        326

       Size (s)    Cluster ID with Size s

          3        160 175
          4        308
          5        174 47 191 162
          6        144 150 177 180 99 234 272 284 297 128
          7        18 129 6 209 224 15 247 268 120 121 122 124 322
          8        4 100 106 111 117 118 3 19 23 123 32 126 33 38 131 133
                   135 39 148 42 44 7 168 172 49 50 52 61 185 187 188 63
                   192 194 195 196 198 199 200 203 204 205 206 66 210 211
                   220 73 228 229 230 231 74 240 241 242 243 245 246 77
                   255 257 259 264 266 83 269 271 86 275 276 279 280 281
                   282 87 285 287 288 88 300 304 91 314 319 94 325 326
          9        37 11 12 40 41 125 13 127 43 14 130 45 132 46 134 5
                   136 137 138 139 140 141 142 143 48 145 146 147 16 149
                   17 151 152 153 154 155 156 157 158 159 51 161 1 163
                   164 165 166 167 53 169 170 171 54 173 55 57 176 58 178
                   179 59 181 182 183 184 60 186 2 62 189 190 20 64 193
                   65 21 67 197 68 69 70 201 202 71 72 22 8 207 208 75
                   76 24 212 213 214 215 216 217 218 219 78 221 222 223
                   79 225 226 227 80 81 82 25 232 233 84 235 236 237 238
                   239 85 26 27 28 244 89 90 29 248 249 250 251 252 253
                   254 92 256 93 258 30 260 261 262 263 95 265 96 267 97
                   98 270 31 9 273 274 101 102 277 278 103 104 105 10 283
                   107 108 286 109 110 289 290 291 292 293 294 295 296
                   34 299 112 301 302 303 113 305 306 307 114 309 310 311
                   312 313 115 315 316 317 318 116 320 321 35 323 324 36
                   119
         10        56 298




UNIVARIATE SAMPLE STATISTICS


     UNIVARIATE HIGHER-ORDER MOMENT DESCRIPTIVE STATISTICS

         Variable/         Mean/     Skewness/   Minimum/ % with                Percentiles
        Sample Size      Variance    Kurtosis    Maximum  Min/Max      20%/60%    40%/80%    Median

     LOGV_SC              -2.443      -2.312     -11.513    6.31%      -3.251     -2.271     -1.852
            2759.000       7.164       5.502       1.738    0.04%      -1.456     -0.695
     LOGV_USC             -2.254      -2.628     -11.513    3.77%      -3.104     -2.188     -1.835
            2759.000       4.935       8.665       1.282    0.04%      -1.528     -0.785
     DERS                 86.714       0.344      43.000    0.65%      64.000     78.000     85.000
            2759.000     605.617      -0.579     155.000    0.58%      92.000    108.000


THE MODEL ESTIMATION TERMINATED NORMALLY

     USE THE FBITERATIONS OPTION TO INCREASE THE NUMBER OF ITERATIONS BY A FACTOR
     OF AT LEAST TWO TO CHECK CONVERGENCE AND THAT THE PSR VALUE DOES NOT INCREASE.



MODEL FIT INFORMATION

Number of Free Parameters                              13

Bayesian Posterior Predictive Checking using Chi-Square

          95% Confidence Interval for the Difference Between
          the Observed and the Replicated Chi-Square Values

                                297.647           374.898

          Posterior Predictive P-Value              0.000

Information Criteria

          Deviance (DIC)                        36789.167
          Estimated Number of Parameters (pD)     830.902



MODEL RESULTS

                                Posterior  One-Tailed         95% C.I.
                    Estimate       S.D.      P-Value   Lower 2.5%  Upper 2.5%  Significance

Within Level

 DERS       ON
    LOGV_SC            0.000       0.022      0.495      -0.044       0.042
    LOGV_USC          -0.011       0.026      0.339      -0.063       0.039

 Variances
    LOGV_SC            4.907       0.141      0.000       4.642       5.198      *
    LOGV_USC           3.636       0.106      0.000       3.439       3.854      *

 Residual Variances
    DERS               5.151       0.148      0.000       4.865       5.449      *

Between Level

 DERS       ON
    LOGV_SC            4.451       1.368      0.000       1.794       7.134      *
    LOGV_USC           0.336       1.849      0.427      -3.242       3.968

 Means
    LOGV_SC           -2.442       0.095      0.000      -2.628      -2.256      *
    LOGV_USC          -2.254       0.074      0.000      -2.400      -2.106      *

 Intercepts
    DERS              98.367       3.349      0.000      91.822     105.060      *

 Variances
    LOGV_SC            2.329       0.236      0.000       1.908       2.848      *
    LOGV_USC           1.352       0.142      0.000       1.103       1.659      *

 Residual Variances
    DERS             563.744      45.395      0.000     483.102     659.384      *

New/Additional Parameters
    DIFF_BET           0.010       0.039      0.392      -0.064       0.088


TECHNICAL 1 OUTPUT


     PARAMETER SPECIFICATION FOR WITHIN


           NU
              LOGV_SC       LOGV_USC      DERS
              ________      ________      ________
                    0             0             0


           LAMBDA
              LOGV_SC       LOGV_USC      DERS
              ________      ________      ________
 LOGV_SC            0             0             0
 LOGV_USC           0             0             0
 DERS               0             0             0


           THETA
              LOGV_SC       LOGV_USC      DERS
              ________      ________      ________
 LOGV_SC            0
 LOGV_USC           0             0
 DERS               0             0             0


           ALPHA
              LOGV_SC       LOGV_USC      DERS
              ________      ________      ________
                    0             0             0


           BETA
              LOGV_SC       LOGV_USC      DERS
              ________      ________      ________
 LOGV_SC            0             0             0
 LOGV_USC           0             0             0
 DERS               1             2             0


           PSI
              LOGV_SC       LOGV_USC      DERS
              ________      ________      ________
 LOGV_SC            3
 LOGV_USC           0             4
 DERS               0             0             5


     PARAMETER SPECIFICATION FOR BETWEEN


           NU
              LOGV_SC       LOGV_USC      DERS
              ________      ________      ________
                    0             0             0


           LAMBDA
              LOGV_SC       LOGV_USC      DERS
              ________      ________      ________
 LOGV_SC            0             0             0
 LOGV_USC           0             0             0
 DERS               0             0             0


           THETA
              LOGV_SC       LOGV_USC      DERS
              ________      ________      ________
 LOGV_SC            0
 LOGV_USC           0             0
 DERS               0             0             0


           ALPHA
              LOGV_SC       LOGV_USC      DERS
              ________      ________      ________
                    6             7             8


           BETA
              LOGV_SC       LOGV_USC      DERS
              ________      ________      ________
 LOGV_SC            0             0             0
 LOGV_USC           0             0             0
 DERS               9            10             0


           PSI
              LOGV_SC       LOGV_USC      DERS
              ________      ________      ________
 LOGV_SC           11
 LOGV_USC           0            12
 DERS               0             0            13


     PARAMETER SPECIFICATION FOR THE ADDITIONAL PARAMETERS


           NEW/ADDITIONAL PARAMETERS
              DIFF_BET
              ________
                   14


     STARTING VALUES FOR WITHIN


           NU
              LOGV_SC       LOGV_USC      DERS
              ________      ________      ________
                0.000         0.000         0.000


           LAMBDA
              LOGV_SC       LOGV_USC      DERS
              ________      ________      ________
 LOGV_SC        1.000         0.000         0.000
 LOGV_USC       0.000         1.000         0.000
 DERS           0.000         0.000         1.000


           THETA
              LOGV_SC       LOGV_USC      DERS
              ________      ________      ________
 LOGV_SC        0.000
 LOGV_USC       0.000         0.000
 DERS           0.000         0.000         0.000


           ALPHA
              LOGV_SC       LOGV_USC      DERS
              ________      ________      ________
                0.000         0.000         0.000


           BETA
              LOGV_SC       LOGV_USC      DERS
              ________      ________      ________
 LOGV_SC        0.000         0.000         0.000
 LOGV_USC       0.000         0.000         0.000
 DERS           0.000         0.000         0.000


           PSI
              LOGV_SC       LOGV_USC      DERS
              ________      ________      ________
 LOGV_SC        3.582
 LOGV_USC       0.000         2.467
 DERS           0.000         0.000       302.808


     STARTING VALUES FOR BETWEEN


           NU
              LOGV_SC       LOGV_USC      DERS
              ________      ________      ________
                0.000         0.000         0.000


           LAMBDA
              LOGV_SC       LOGV_USC      DERS
              ________      ________      ________
 LOGV_SC        1.000         0.000         0.000
 LOGV_USC       0.000         1.000         0.000
 DERS           0.000         0.000         1.000


           THETA
              LOGV_SC       LOGV_USC      DERS
              ________      ________      ________
 LOGV_SC        0.000
 LOGV_USC       0.000         0.000
 DERS           0.000         0.000         0.000


           ALPHA
              LOGV_SC       LOGV_USC      DERS
              ________      ________      ________
               -2.443        -2.254        86.714


           BETA
              LOGV_SC       LOGV_USC      DERS
              ________      ________      ________
 LOGV_SC        0.000         0.000         0.000
 LOGV_USC       0.000         0.000         0.000
 DERS           0.000         0.000         0.000


           PSI
              LOGV_SC       LOGV_USC      DERS
              ________      ________      ________
 LOGV_SC        3.582
 LOGV_USC       0.000         2.467
 DERS           0.000         0.000       302.808


     STARTING VALUES FOR THE ADDITIONAL PARAMETERS


           NEW/ADDITIONAL PARAMETERS
              DIFF_BET
              ________
                0.500



     PRIORS FOR ALL PARAMETERS            PRIOR MEAN      PRIOR VARIANCE     PRIOR STD. DEV.

     Parameter 1~N(0.000,infinity)           0.0000            infinity            infinity
     Parameter 2~N(0.000,infinity)           0.0000            infinity            infinity
     Parameter 3~IG(-1.000,0.000)          infinity            infinity            infinity
     Parameter 4~IG(-1.000,0.000)          infinity            infinity            infinity
     Parameter 5~IG(-1.000,0.000)          infinity            infinity            infinity
     Parameter 6~N(0.000,infinity)           0.0000            infinity            infinity
     Parameter 7~N(0.000,infinity)           0.0000            infinity            infinity
     Parameter 8~N(0.000,infinity)           0.0000            infinity            infinity
     Parameter 9~N(0.000,infinity)           0.0000            infinity            infinity
     Parameter 10~N(0.000,infinity)          0.0000            infinity            infinity
     Parameter 11~IG(-1.000,0.000)         infinity            infinity            infinity
     Parameter 12~IG(-1.000,0.000)         infinity            infinity            infinity
     Parameter 13~IG(-1.000,0.000)         infinity            infinity            infinity


TECHNICAL 8 OUTPUT


   TECHNICAL 8 OUTPUT FOR BAYES ESTIMATION

     CHAIN    BSEED
     1        0
     2        285380
     3        253358

                     POTENTIAL       PARAMETER WITH
     ITERATION    SCALE REDUCTION      HIGHEST PSR
     100              1.050               12
     200              1.029               11
     300              1.008               12
     400              1.013               12
     500              1.012               3
     600              1.007               3
     700              1.005               4
     800              1.001               8
     900              1.001               12
     1000             1.003               12
     1100             1.002               11
     1200             1.001               4
     1300             1.001               11
     1400             1.000               5
     1500             1.002               12
     1600             1.003               12
     1700             1.003               12
     1800             1.002               5
     1900             1.002               12
     2000             1.003               12
     2100             1.002               12
     2200             1.002               11
     2300             1.002               11
     2400             1.002               11
     2500             1.002               11
     2600             1.001               11
     2700             1.001               12
     2800             1.000               12
     2900             1.000               12
     3000             1.000               12
     3100             1.000               12
     3200             1.000               12
     3300             1.000               12
     3400             1.000               3
     3500             1.000               3
     3600             1.000               11
     3700             1.001               11
     3800             1.001               6
     3900             1.001               11
     4000             1.001               11
     4100             1.001               11
     4200             1.000               11
     4300             1.001               3
     4400             1.001               3
     4500             1.001               3
     4600             1.001               6
     4700             1.001               6
     4800             1.001               6
     4900             1.001               6
     5000             1.001               6


     Beginning Time:  10:46:12
        Ending Time:  10:46:16
       Elapsed Time:  00:00:04



MUTHEN & MUTHEN
3463 Stoner Ave.
Los Angeles, CA  90066

Tel: (310) 391-9971
Fax: (310) 391-8971
Web: www.StatModel.com
Support: Support@StatModel.com

Copyright (c) 1998-2021 Muthen & Muthen
